<?xml version="1.0" encoding="UTF-8"?>
<!-- Generated by org.testng.reporters.JUnitXMLReporter -->
<testsuite hostname="LAPTOP-G0UQGSFP" ignored="0" name="Surefire test" tests="2" failures="1" timestamp="2025-04-27T17:42:05 IST" time="114.507" errors="0">
  <testcase name="runScenario" time="10.592" classname="io.cucumber.testng.AbstractTestNGCucumberTests"/>
  <testcase name="runScenario" time="102.818" classname="io.cucumber.testng.AbstractTestNGCucumberTests">
    <failure type="java.lang.AssertionError" message="expected [true] but found [false]">
      <![CDATA[java.lang.AssertionError: expected [true] but found [false]
at Happy_Path_Patient_Web_and_MR.stepDefinitions.SpiceJetSteps.iShouldEnterCardDetailsInThePageAndClickProceedToPay(SpiceJetSteps.java:146)
at âœ½.I should enter card details "&CARDDETAILS&" in the page and Click Proceed to Pay(file:///E:/ShareWebCopy_Guvi_SpiceJet/src/test/resources/features/SpiceJetBooking/1_GUVI_SpiceJetBooking.feature:56)
... Removed 4 stack frames]]>
    </failure>
  </testcase> <!-- runScenario -->
</testsuite> <!-- Surefire test -->
