<?xml version="1.0" encoding="UTF-8"?>
<!-- Generated by org.testng.reporters.JUnitReportReporter -->
<testsuite skipped="0" hostname="LAPTOP-G0UQGSFP" name="Happy_Path_Patient_Web_and_MR.cukes.DemoWebSpiceJet" tests="2" failures="1" timestamp="2025-04-27T17:42:05 IST" time="113.410" errors="0">
  <testcase name="runScenario" time="102.818" classname="Happy_Path_Patient_Web_and_MR.cukes.DemoWebSpiceJet">
    <failure type="java.lang.AssertionError" message="expected [true] but found [false]">
      <![CDATA[java.lang.AssertionError: expected [true] but found [false]
at org.testng.Assert.fail(Assert.java:99)
at org.testng.Assert.failNotEquals(Assert.java:1037)
at org.testng.Assert.assertTrue(Assert.java:45)
at org.testng.Assert.assertTrue(Assert.java:55)
at Happy_Path_Patient_Web_and_MR.stepDefinitions.SpiceJetSteps.iShouldEnterCardDetailsInThePageAndClickProceedToPay(SpiceJetSteps.java:146)
at âœ½.I should enter card details "&CARDDETAILS&" in the page and Click Proceed to Pay(file:///E:/ShareWebCopy_Guvi_SpiceJet/src/test/resources/features/SpiceJetBooking/1_GUVI_SpiceJetBooking.feature:56)
]]>
    </failure>
  </testcase> <!-- runScenario -->
  <system-out/>
  <testcase name="runScenario" time="10.592" classname="Happy_Path_Patient_Web_and_MR.cukes.DemoWebSpiceJet"/>
  <system-out/>
</testsuite> <!-- Happy_Path_Patient_Web_and_MR.cukes.DemoWebSpiceJet -->
